2021-06-20 00:26:39,225 INFO com.zaxxer.hikari.HikariDataSource [RMI TCP Connection(31)-127.0.0.1] HikariPool-2 - Shutdown initiated...
2021-06-20 00:26:39,299 INFO com.zaxxer.hikari.HikariDataSource [RMI TCP Connection(31)-127.0.0.1] HikariPool-2 - Shutdown completed.
09:32:27.355 [restartedMain] INFO  c.c.f.FlightManagemntApplication - Starting FlightManagemntApplication using Java 16 on LAPTOP-KCP96E0Q with PID 13596 (C:\Users\91861\eclipse-workspace\FlightManagemnt\target\classes started by trinzya in C:\Users\91861\eclipse-workspace\FlightManagemnt)
09:32:27.357 [restartedMain] INFO  c.c.f.FlightManagemntApplication - No active profile set, falling back to default profiles: default
09:32:32.164 [restartedMain] INFO  com.zaxxer.hikari.HikariDataSource - HikariPool-1 - Starting...
09:32:32.173 [restartedMain] WARN  c.z.hikari.util.DriverDataSource - Registered driver with driverClassName=com.mysql.jdbc.Driver was not found, trying direct instantiation.
09:32:33.622 [restartedMain] INFO  com.zaxxer.hikari.HikariDataSource - HikariPool-1 - Start completed.
09:32:40.036 [restartedMain] INFO  c.c.f.FlightManagemntApplication - Started FlightManagemntApplication in 14.077 seconds (JVM running for 16.531)
09:32:40.042 [restartedMain] INFO  c.c.f.FlightManagemntApplication - IN MAIN
09:38:08.515 [Thread-5] INFO  com.zaxxer.hikari.HikariDataSource - HikariPool-1 - Shutdown initiated...
09:38:08.545 [Thread-5] INFO  com.zaxxer.hikari.HikariDataSource - HikariPool-1 - Shutdown completed.
09:38:08.627 [restartedMain] INFO  c.c.f.FlightManagemntApplication - Starting FlightManagemntApplication using Java 16 on LAPTOP-KCP96E0Q with PID 13596 (C:\Users\91861\eclipse-workspace\FlightManagemnt\target\classes started by trinzya in C:\Users\91861\eclipse-workspace\FlightManagemnt)
09:38:08.628 [restartedMain] INFO  c.c.f.FlightManagemntApplication - No active profile set, falling back to default profiles: default
09:38:09.832 [restartedMain] INFO  com.zaxxer.hikari.HikariDataSource - HikariPool-2 - Starting...
09:38:09.833 [restartedMain] WARN  c.z.hikari.util.DriverDataSource - Registered driver with driverClassName=com.mysql.jdbc.Driver was not found, trying direct instantiation.
09:38:09.860 [restartedMain] INFO  com.zaxxer.hikari.HikariDataSource - HikariPool-2 - Start completed.
09:38:11.137 [restartedMain] INFO  c.c.f.FlightManagemntApplication - Started FlightManagemntApplication in 2.546 seconds (JVM running for 347.633)
09:38:11.140 [restartedMain] INFO  c.c.f.FlightManagemntApplication - IN MAIN
09:38:26.786 [Thread-8] INFO  com.zaxxer.hikari.HikariDataSource - HikariPool-2 - Shutdown initiated...
09:38:26.790 [Thread-8] INFO  com.zaxxer.hikari.HikariDataSource - HikariPool-2 - Shutdown completed.
09:38:26.860 [restartedMain] INFO  c.c.f.FlightManagemntApplication - Starting FlightManagemntApplication using Java 16 on LAPTOP-KCP96E0Q with PID 13596 (C:\Users\91861\eclipse-workspace\FlightManagemnt\target\classes started by trinzya in C:\Users\91861\eclipse-workspace\FlightManagemnt)
09:38:26.860 [restartedMain] INFO  c.c.f.FlightManagemntApplication - No active profile set, falling back to default profiles: default
09:38:27.884 [restartedMain] INFO  com.zaxxer.hikari.HikariDataSource - HikariPool-3 - Starting...
09:38:27.884 [restartedMain] WARN  c.z.hikari.util.DriverDataSource - Registered driver with driverClassName=com.mysql.jdbc.Driver was not found, trying direct instantiation.
09:38:27.908 [restartedMain] INFO  com.zaxxer.hikari.HikariDataSource - HikariPool-3 - Start completed.
09:38:28.677 [restartedMain] INFO  c.c.f.FlightManagemntApplication - Started FlightManagemntApplication in 1.844 seconds (JVM running for 365.172)
09:38:28.680 [restartedMain] INFO  c.c.f.FlightManagemntApplication - IN MAIN
09:39:43.135 [RMI TCP Connection(11)-127.0.0.1] INFO  com.zaxxer.hikari.HikariDataSource - HikariPool-3 - Shutdown initiated...
09:39:43.138 [RMI TCP Connection(11)-127.0.0.1] INFO  com.zaxxer.hikari.HikariDataSource - HikariPool-3 - Shutdown completed.
10:03:16.101 [restartedMain] INFO  c.c.f.FlightManagemntApplication - Starting FlightManagemntApplication using Java 16 on LAPTOP-KCP96E0Q with PID 20492 (C:\Users\91861\eclipse-workspace\FlightManagemnt\target\classes started by trinzya in C:\Users\91861\eclipse-workspace\FlightManagemnt)
10:03:16.104 [restartedMain] INFO  c.c.f.FlightManagemntApplication - No active profile set, falling back to default profiles: default
10:03:18.987 [restartedMain] INFO  com.zaxxer.hikari.HikariDataSource - HikariPool-1 - Starting...
10:03:18.992 [restartedMain] WARN  c.z.hikari.util.DriverDataSource - Registered driver with driverClassName=com.mysql.jdbc.Driver was not found, trying direct instantiation.
10:03:19.331 [restartedMain] INFO  com.zaxxer.hikari.HikariDataSource - HikariPool-1 - Start completed.
10:03:25.082 [restartedMain] INFO  com.zaxxer.hikari.HikariDataSource - HikariPool-1 - Shutdown initiated...
10:03:25.087 [restartedMain] INFO  com.zaxxer.hikari.HikariDataSource - HikariPool-1 - Shutdown completed.
10:03:53.640 [restartedMain] INFO  c.c.f.FlightManagemntApplication - Starting FlightManagemntApplication using Java 16 on LAPTOP-KCP96E0Q with PID 11260 (C:\Users\91861\eclipse-workspace\FlightManagemnt\target\classes started by trinzya in C:\Users\91861\eclipse-workspace\FlightManagemnt)
10:03:53.642 [restartedMain] INFO  c.c.f.FlightManagemntApplication - No active profile set, falling back to default profiles: default
10:03:56.531 [restartedMain] INFO  com.zaxxer.hikari.HikariDataSource - HikariPool-1 - Starting...
10:03:56.536 [restartedMain] WARN  c.z.hikari.util.DriverDataSource - Registered driver with driverClassName=com.mysql.jdbc.Driver was not found, trying direct instantiation.
10:03:56.840 [restartedMain] INFO  com.zaxxer.hikari.HikariDataSource - HikariPool-1 - Start completed.
10:04:00.097 [restartedMain] INFO  c.c.f.FlightManagemntApplication - Started FlightManagemntApplication in 6.832 seconds (JVM running for 7.722)
10:04:00.100 [restartedMain] INFO  c.c.f.FlightManagemntApplication - IN MAIN
10:04:42.287 [Thread-5] INFO  com.zaxxer.hikari.HikariDataSource - HikariPool-1 - Shutdown initiated...
10:04:42.293 [Thread-5] INFO  com.zaxxer.hikari.HikariDataSource - HikariPool-1 - Shutdown completed.
10:04:42.369 [restartedMain] INFO  c.c.f.FlightManagemntApplication - Starting FlightManagemntApplication using Java 16 on LAPTOP-KCP96E0Q with PID 11260 (C:\Users\91861\eclipse-workspace\FlightManagemnt\target\classes started by trinzya in C:\Users\91861\eclipse-workspace\FlightManagemnt)
10:04:42.369 [restartedMain] INFO  c.c.f.FlightManagemntApplication - No active profile set, falling back to default profiles: default
10:04:43.892 [restartedMain] INFO  com.zaxxer.hikari.HikariDataSource - HikariPool-2 - Starting...
10:04:43.893 [restartedMain] WARN  c.z.hikari.util.DriverDataSource - Registered driver with driverClassName=com.mysql.jdbc.Driver was not found, trying direct instantiation.
10:04:43.985 [restartedMain] INFO  com.zaxxer.hikari.HikariDataSource - HikariPool-2 - Start completed.
10:04:44.949 [restartedMain] INFO  c.c.f.FlightManagemntApplication - Started FlightManagemntApplication in 2.614 seconds (JVM running for 52.573)
10:04:44.951 [restartedMain] INFO  c.c.f.FlightManagemntApplication - IN MAIN
10:04:52.391 [RMI TCP Connection(4)-127.0.0.1] INFO  com.zaxxer.hikari.HikariDataSource - HikariPool-2 - Shutdown initiated...
10:04:52.397 [RMI TCP Connection(4)-127.0.0.1] INFO  com.zaxxer.hikari.HikariDataSource - HikariPool-2 - Shutdown completed.
10:04:56.326 [restartedMain] INFO  c.c.f.FlightManagemntApplication - Starting FlightManagemntApplication using Java 16 on LAPTOP-KCP96E0Q with PID 20784 (C:\Users\91861\eclipse-workspace\FlightManagemnt\target\classes started by trinzya in C:\Users\91861\eclipse-workspace\FlightManagemnt)
10:04:56.330 [restartedMain] INFO  c.c.f.FlightManagemntApplication - No active profile set, falling back to default profiles: default
10:04:59.122 [restartedMain] INFO  com.zaxxer.hikari.HikariDataSource - HikariPool-1 - Starting...
10:04:59.131 [restartedMain] WARN  c.z.hikari.util.DriverDataSource - Registered driver with driverClassName=com.mysql.jdbc.Driver was not found, trying direct instantiation.
10:04:59.647 [restartedMain] INFO  com.zaxxer.hikari.HikariDataSource - HikariPool-1 - Start completed.
10:05:01.934 [restartedMain] INFO  c.c.f.FlightManagemntApplication - Started FlightManagemntApplication in 6.264 seconds (JVM running for 7.263)
10:05:01.939 [restartedMain] INFO  c.c.f.FlightManagemntApplication - IN MAIN
22:09:07.974 [restartedMain] INFO  c.c.f.FlightManagemntApplication - Starting FlightManagemntApplication using Java 15.0.2 on LAPTOP-MILLMV7P with PID 4000 (C:\Users\Satyam\Downloads\FlightManagemnt\FlightManagemnt\target\classes started by Satyam in C:\Users\Satyam\Downloads\FlightManagemnt\FlightManagemnt)
22:09:08.007 [restartedMain] INFO  c.c.f.FlightManagemntApplication - No active profile set, falling back to default profiles: default
22:09:15.454 [restartedMain] INFO  com.zaxxer.hikari.HikariDataSource - HikariPool-1 - Starting...
22:09:15.468 [restartedMain] WARN  c.z.hikari.util.DriverDataSource - Registered driver with driverClassName=com.mysql.jdbc.Driver was not found, trying direct instantiation.
22:09:17.216 [restartedMain] INFO  com.zaxxer.hikari.HikariDataSource - HikariPool-1 - Start completed.
22:09:34.956 [restartedMain] INFO  c.c.f.FlightManagemntApplication - Started FlightManagemntApplication in 29.644 seconds (JVM running for 31.331)
22:09:34.964 [restartedMain] INFO  c.c.f.FlightManagemntApplication - IN MAIN
